C51 COMPILER V9.01   CORRUPT_SNACK                                                         01/24/2015 16:47:50 PAGE 1   


C51 COMPILER V9.01, COMPILATION OF MODULE CORRUPT_SNACK
OBJECT MODULE PLACED IN corrupt_snack.OBJ
COMPILER INVOKED BY: F:\software\keil4\C51\BIN\C51.EXE corrupt_snack.c BROWSE INCDIR(..\nrf_rx) DEBUG OBJECTEXTEND PREPR
                    -INT

line level    source

   1          # include "corrupt_snack.h"
   2          
   3          
   4          
   5           
   6          


MODULE INFORMATION:   STATIC OVERLAYABLE
   CODE SIZE        =   ----    ----
   CONSTANT SIZE    =   ----    ----
   XDATA SIZE       =   ----    ----
   PDATA SIZE       =   ----    ----
   DATA SIZE        =   ----    ----
   IDATA SIZE       =   ----    ----
   BIT SIZE         =   ----    ----
END OF MODULE INFORMATION.


C51 COMPILATION COMPLETE.  0 WARNING(S),  0 ERROR(S)
