C51 COMPILER V9.51   DELAY_XS                                                              05/02/2016 18:04:02 PAGE 1   


C51 COMPILER V9.51, COMPILATION OF MODULE DELAY_XS
OBJECT MODULE PLACED IN delay_xs.OBJ
COMPILER INVOKED BY: F:\Keil\C51\BIN\C51.EXE delay_xs.c LARGE BROWSE DEBUG OBJECTEXTEND PREPRINT

line level    source

   1          # include "delay_xs.h"
   2          # include <intrins.h>     //包含_crol_的头文件  向右移动
   3          
   4          void Delay_n100_us(int us)              //@12.000MHz
   5          {
   6   1              unsigned char i, j;
   7   1      
   8   1              i = 2;
   9   1              j = 39 * us;
  10   1              do
  11   1              {
  12   2                      while (--j);
  13   2              } while (--i);
  14   1      }
  15          
  16          void Delay_Nms(int ms)          //@12.000MHz
  17          {
  18   1              unsigned char i, j, k;
  19   1      
  20   1              _nop_();
  21   1              _nop_();
  22   1              i = 10 * ms;
  23   1              j = 31;
  24   1              k = 147;
  25   1              do
  26   1              {
  27   2                      do
  28   2                      {
  29   3                              while (--k);
  30   3                      } while (--j);
  31   2              } while (--i);
  32   1      }


MODULE INFORMATION:   STATIC OVERLAYABLE
   CODE SIZE        =     32    ----
   CONSTANT SIZE    =   ----    ----
   XDATA SIZE       =   ----    ----
   PDATA SIZE       =   ----    ----
   DATA SIZE        =   ----    ----
   IDATA SIZE       =   ----    ----
   BIT SIZE         =   ----    ----
END OF MODULE INFORMATION.


C51 COMPILATION COMPLETE.  0 WARNING(S),  0 ERROR(S)
